<?xml version="1.0" encoding="UTF-8"?>
<!-- Generated by org.testng.reporters.JUnitReportReporter -->
<testsuite hostname="DESKTOP-UE31D4N" failures="0" tests="4" name="dBFTestRunner.DemoblazeTestRunner" time="32.068" errors="0" timestamp="2022-04-26T01:30:17 PDT" skipped="0">
  <testcase classname="dBFTestRunner.DemoblazeTestRunner" name="runScenario" time="7.977"/>
  <system-out/>
  <testcase classname="dBFTestRunner.DemoblazeTestRunner" name="runScenario" time="8.345"/>
  <system-out/>
  <testcase classname="dBFTestRunner.DemoblazeTestRunner" name="runScenario" time="7.782"/>
  <system-out/>
  <testcase classname="dBFTestRunner.DemoblazeTestRunner" name="runScenario" time="7.964"/>
  <system-out/>
</testsuite> <!-- dBFTestRunner.DemoblazeTestRunner -->
